Added Component: Designator=ANT1(SMD-2051)
Add component. Clean all parameters for all variants
Added Component: Designator=BOOT(TSW SMD-3*6*2.5)
Add component. Clean all parameters for all variants
Add component (AddParameter): Name = "BOM名称"; Value = "3x6轻触开关"; VariantName = "[No Variations]"
Add component (AddParameter): Name = "免费技术支持，联系售后"; Value = "唯一出售店铺网址https://shop463601444.taobao.com"; VariantName = "[No Variations]"
Add component (AddParameter): Name = "封装库来自淘宝卖家 ID：黄晶宝石"; Value = "其他店铺购入均为盗版假冒封装库，请立即申请退款，本店3~10元现金奖励"; VariantName = "[No Variations]"
Added Component: Designator=C1(C 0603_L)
Add component. Clean all parameters for all variants
Add component (AddParameter): Name = "BOM名称"; Value = "无极性贴片电容"; VariantName = "[No Variations]"
Add component (AddParameter): Name = "优秀评价可免费更新"; Value = "联系淘宝ID：黄晶宝石，获取更新版封装库"; VariantName = "[No Variations]"
Add component (AddParameter): Name = "本封装库来自淘宝卖家 ID：黄晶宝石"; Value = "其他店铺购入均为盗版，请立即申请退款"; VariantName = "[No Variations]"
Add component (AddParameter): Name = "联系卖家，免费查找封装"; Value = "唯一出售店铺网址https://shop463601444.taobao.com"; VariantName = "[No Variations]"
Added Component: Designator=C2(C 0603_L)
Add component. Clean all parameters for all variants
Add component (AddParameter): Name = "BOM名称"; Value = "无极性贴片电容"; VariantName = "[No Variations]"
Add component (AddParameter): Name = "优秀评价可免费更新"; Value = "联系淘宝ID：黄晶宝石，获取更新版封装库"; VariantName = "[No Variations]"
Add component (AddParameter): Name = "本封装库来自淘宝卖家 ID：黄晶宝石"; Value = "其他店铺购入均为盗版，请立即申请退款"; VariantName = "[No Variations]"
Add component (AddParameter): Name = "联系卖家，免费查找封装"; Value = "唯一出售店铺网址https://shop463601444.taobao.com"; VariantName = "[No Variations]"
Added Component: Designator=C3(C 0603_L)
Add component. Clean all parameters for all variants
Add component (AddParameter): Name = "BOM名称"; Value = "无极性贴片电容"; VariantName = "[No Variations]"
Add component (AddParameter): Name = "优秀评价可免费更新"; Value = "联系淘宝ID：黄晶宝石，获取更新版封装库"; VariantName = "[No Variations]"
Add component (AddParameter): Name = "本封装库来自淘宝卖家 ID：黄晶宝石"; Value = "其他店铺购入均为盗版，请立即申请退款"; VariantName = "[No Variations]"
Add component (AddParameter): Name = "联系卖家，免费查找封装"; Value = "唯一出售店铺网址https://shop463601444.taobao.com"; VariantName = "[No Variations]"
Added Component: Designator=C4(C 0603_L)
Add component. Clean all parameters for all variants
Add component (AddParameter): Name = "BOM名称"; Value = "无极性贴片电容"; VariantName = "[No Variations]"
Add component (AddParameter): Name = "优秀评价可免费更新"; Value = "联系淘宝ID：黄晶宝石，获取更新版封装库"; VariantName = "[No Variations]"
Add component (AddParameter): Name = "本封装库来自淘宝卖家 ID：黄晶宝石"; Value = "其他店铺购入均为盗版，请立即申请退款"; VariantName = "[No Variations]"
Add component (AddParameter): Name = "联系卖家，免费查找封装"; Value = "唯一出售店铺网址https://shop463601444.taobao.com"; VariantName = "[No Variations]"
Added Component: Designator=C5(C 0603_L)
Add component. Clean all parameters for all variants
Add component (AddParameter): Name = "BOM名称"; Value = "无极性贴片电容"; VariantName = "[No Variations]"
Add component (AddParameter): Name = "优秀评价可免费更新"; Value = "联系淘宝ID：黄晶宝石，获取更新版封装库"; VariantName = "[No Variations]"
Add component (AddParameter): Name = "本封装库来自淘宝卖家 ID：黄晶宝石"; Value = "其他店铺购入均为盗版，请立即申请退款"; VariantName = "[No Variations]"
Add component (AddParameter): Name = "联系卖家，免费查找封装"; Value = "唯一出售店铺网址https://shop463601444.taobao.com"; VariantName = "[No Variations]"
Added Component: Designator=C6(C 0603_L)
Add component. Clean all parameters for all variants
Add component (AddParameter): Name = "BOM名称"; Value = "无极性贴片电容"; VariantName = "[No Variations]"
Add component (AddParameter): Name = "优秀评价可免费更新"; Value = "联系淘宝ID：黄晶宝石，获取更新版封装库"; VariantName = "[No Variations]"
Add component (AddParameter): Name = "本封装库来自淘宝卖家 ID：黄晶宝石"; Value = "其他店铺购入均为盗版，请立即申请退款"; VariantName = "[No Variations]"
Add component (AddParameter): Name = "联系卖家，免费查找封装"; Value = "唯一出售店铺网址https://shop463601444.taobao.com"; VariantName = "[No Variations]"
Added Component: Designator=C7(C 0603_L)
Add component. Clean all parameters for all variants
Add component (AddParameter): Name = "BOM名称"; Value = "无极性贴片电容"; VariantName = "[No Variations]"
Add component (AddParameter): Name = "优秀评价可免费更新"; Value = "联系淘宝ID：黄晶宝石，获取更新版封装库"; VariantName = "[No Variations]"
Add component (AddParameter): Name = "本封装库来自淘宝卖家 ID：黄晶宝石"; Value = "其他店铺购入均为盗版，请立即申请退款"; VariantName = "[No Variations]"
Add component (AddParameter): Name = "联系卖家，免费查找封装"; Value = "唯一出售店铺网址https://shop463601444.taobao.com"; VariantName = "[No Variations]"
Added Component: Designator=C8(C 0402_L)
Add component. Clean all parameters for all variants
Added Component: Designator=C9(C 0402_L)
Add component. Clean all parameters for all variants
Added Component: Designator=C10(C 0603_L)
Add component. Clean all parameters for all variants
Add component (AddParameter): Name = "BOM名称"; Value = "无极性贴片电容"; VariantName = "[No Variations]"
Add component (AddParameter): Name = "优秀评价可免费更新"; Value = "联系淘宝ID：黄晶宝石，获取更新版封装库"; VariantName = "[No Variations]"
Add component (AddParameter): Name = "本封装库来自淘宝卖家 ID：黄晶宝石"; Value = "其他店铺购入均为盗版，请立即申请退款"; VariantName = "[No Variations]"
Add component (AddParameter): Name = "联系卖家，免费查找封装"; Value = "唯一出售店铺网址https://shop463601444.taobao.com"; VariantName = "[No Variations]"
Added Component: Designator=C11(C 0603_L)
Add component. Clean all parameters for all variants
Add component (AddParameter): Name = "BOM名称"; Value = "无极性贴片电容"; VariantName = "[No Variations]"
Add component (AddParameter): Name = "优秀评价可免费更新"; Value = "联系淘宝ID：黄晶宝石，获取更新版封装库"; VariantName = "[No Variations]"
Add component (AddParameter): Name = "本封装库来自淘宝卖家 ID：黄晶宝石"; Value = "其他店铺购入均为盗版，请立即申请退款"; VariantName = "[No Variations]"
Add component (AddParameter): Name = "联系卖家，免费查找封装"; Value = "唯一出售店铺网址https://shop463601444.taobao.com"; VariantName = "[No Variations]"
Added Component: Designator=C12(C 0603_L)
Add component. Clean all parameters for all variants
Add component (AddParameter): Name = "BOM名称"; Value = "无极性贴片电容"; VariantName = "[No Variations]"
Add component (AddParameter): Name = "优秀评价可免费更新"; Value = "联系淘宝ID：黄晶宝石，获取更新版封装库"; VariantName = "[No Variations]"
Add component (AddParameter): Name = "本封装库来自淘宝卖家 ID：黄晶宝石"; Value = "其他店铺购入均为盗版，请立即申请退款"; VariantName = "[No Variations]"
Add component (AddParameter): Name = "联系卖家，免费查找封装"; Value = "唯一出售店铺网址https://shop463601444.taobao.com"; VariantName = "[No Variations]"
Added Component: Designator=C13(C 0603_L)
Add component. Clean all parameters for all variants
Add component (AddParameter): Name = "BOM名称"; Value = "无极性贴片电容"; VariantName = "[No Variations]"
Add component (AddParameter): Name = "优秀评价可免费更新"; Value = "联系淘宝ID：黄晶宝石，获取更新版封装库"; VariantName = "[No Variations]"
Add component (AddParameter): Name = "本封装库来自淘宝卖家 ID：黄晶宝石"; Value = "其他店铺购入均为盗版，请立即申请退款"; VariantName = "[No Variations]"
Add component (AddParameter): Name = "联系卖家，免费查找封装"; Value = "唯一出售店铺网址https://shop463601444.taobao.com"; VariantName = "[No Variations]"
Added Component: Designator=C14(C 0603_L)
Add component. Clean all parameters for all variants
Add component (AddParameter): Name = "BOM名称"; Value = "无极性贴片电容"; VariantName = "[No Variations]"
Add component (AddParameter): Name = "优秀评价可免费更新"; Value = "联系淘宝ID：黄晶宝石，获取更新版封装库"; VariantName = "[No Variations]"
Add component (AddParameter): Name = "本封装库来自淘宝卖家 ID：黄晶宝石"; Value = "其他店铺购入均为盗版，请立即申请退款"; VariantName = "[No Variations]"
Add component (AddParameter): Name = "联系卖家，免费查找封装"; Value = "唯一出售店铺网址https://shop463601444.taobao.com"; VariantName = "[No Variations]"
Added Component: Designator=C15(C 0603_L)
Add component. Clean all parameters for all variants
Add component (AddParameter): Name = "BOM名称"; Value = "无极性贴片电容"; VariantName = "[No Variations]"
Add component (AddParameter): Name = "优秀评价可免费更新"; Value = "联系淘宝ID：黄晶宝石，获取更新版封装库"; VariantName = "[No Variations]"
Add component (AddParameter): Name = "本封装库来自淘宝卖家 ID：黄晶宝石"; Value = "其他店铺购入均为盗版，请立即申请退款"; VariantName = "[No Variations]"
Add component (AddParameter): Name = "联系卖家，免费查找封装"; Value = "唯一出售店铺网址https://shop463601444.taobao.com"; VariantName = "[No Variations]"
Added Component: Designator=C16(C 0603_L)
Add component. Clean all parameters for all variants
Add component (AddParameter): Name = "BOM名称"; Value = "无极性贴片电容"; VariantName = "[No Variations]"
Add component (AddParameter): Name = "优秀评价可免费更新"; Value = "联系淘宝ID：黄晶宝石，获取更新版封装库"; VariantName = "[No Variations]"
Add component (AddParameter): Name = "本封装库来自淘宝卖家 ID：黄晶宝石"; Value = "其他店铺购入均为盗版，请立即申请退款"; VariantName = "[No Variations]"
Add component (AddParameter): Name = "联系卖家，免费查找封装"; Value = "唯一出售店铺网址https://shop463601444.taobao.com"; VariantName = "[No Variations]"
Added Component: Designator=C17(C 0603_L)
Add component. Clean all parameters for all variants
Add component (AddParameter): Name = "BOM名称"; Value = "无极性贴片电容"; VariantName = "[No Variations]"
Add component (AddParameter): Name = "优秀评价可免费更新"; Value = "联系淘宝ID：黄晶宝石，获取更新版封装库"; VariantName = "[No Variations]"
Add component (AddParameter): Name = "本封装库来自淘宝卖家 ID：黄晶宝石"; Value = "其他店铺购入均为盗版，请立即申请退款"; VariantName = "[No Variations]"
Add component (AddParameter): Name = "联系卖家，免费查找封装"; Value = "唯一出售店铺网址https://shop463601444.taobao.com"; VariantName = "[No Variations]"
Added Component: Designator=C18(C 0603_L)
Add component. Clean all parameters for all variants
Add component (AddParameter): Name = "BOM名称"; Value = "无极性贴片电容"; VariantName = "[No Variations]"
Add component (AddParameter): Name = "优秀评价可免费更新"; Value = "联系淘宝ID：黄晶宝石，获取更新版封装库"; VariantName = "[No Variations]"
Add component (AddParameter): Name = "本封装库来自淘宝卖家 ID：黄晶宝石"; Value = "其他店铺购入均为盗版，请立即申请退款"; VariantName = "[No Variations]"
Add component (AddParameter): Name = "联系卖家，免费查找封装"; Value = "唯一出售店铺网址https://shop463601444.taobao.com"; VariantName = "[No Variations]"
Added Component: Designator=C19(C 0603_L)
Add component. Clean all parameters for all variants
Add component (AddParameter): Name = "BOM名称"; Value = "无极性贴片电容"; VariantName = "[No Variations]"
Add component (AddParameter): Name = "优秀评价可免费更新"; Value = "联系淘宝ID：黄晶宝石，获取更新版封装库"; VariantName = "[No Variations]"
Add component (AddParameter): Name = "本封装库来自淘宝卖家 ID：黄晶宝石"; Value = "其他店铺购入均为盗版，请立即申请退款"; VariantName = "[No Variations]"
Add component (AddParameter): Name = "联系卖家，免费查找封装"; Value = "唯一出售店铺网址https://shop463601444.taobao.com"; VariantName = "[No Variations]"
Added Component: Designator=C20(C 0603_L)
Add component. Clean all parameters for all variants
Add component (AddParameter): Name = "BOM名称"; Value = "无极性贴片电容"; VariantName = "[No Variations]"
Add component (AddParameter): Name = "优秀评价可免费更新"; Value = "联系淘宝ID：黄晶宝石，获取更新版封装库"; VariantName = "[No Variations]"
Add component (AddParameter): Name = "本封装库来自淘宝卖家 ID：黄晶宝石"; Value = "其他店铺购入均为盗版，请立即申请退款"; VariantName = "[No Variations]"
Add component (AddParameter): Name = "联系卖家，免费查找封装"; Value = "唯一出售店铺网址https://shop463601444.taobao.com"; VariantName = "[No Variations]"
Added Component: Designator=C21(C 0603_L)
Add component. Clean all parameters for all variants
Add component (AddParameter): Name = "BOM名称"; Value = "无极性贴片电容"; VariantName = "[No Variations]"
Add component (AddParameter): Name = "优秀评价可免费更新"; Value = "联系淘宝ID：黄晶宝石，获取更新版封装库"; VariantName = "[No Variations]"
Add component (AddParameter): Name = "本封装库来自淘宝卖家 ID：黄晶宝石"; Value = "其他店铺购入均为盗版，请立即申请退款"; VariantName = "[No Variations]"
Add component (AddParameter): Name = "联系卖家，免费查找封装"; Value = "唯一出售店铺网址https://shop463601444.taobao.com"; VariantName = "[No Variations]"
Added Component: Designator=C22(C 0603_L)
Add component. Clean all parameters for all variants
Add component (AddParameter): Name = "BOM名称"; Value = "无极性贴片电容"; VariantName = "[No Variations]"
Add component (AddParameter): Name = "优秀评价可免费更新"; Value = "联系淘宝ID：黄晶宝石，获取更新版封装库"; VariantName = "[No Variations]"
Add component (AddParameter): Name = "本封装库来自淘宝卖家 ID：黄晶宝石"; Value = "其他店铺购入均为盗版，请立即申请退款"; VariantName = "[No Variations]"
Add component (AddParameter): Name = "联系卖家，免费查找封装"; Value = "唯一出售店铺网址https://shop463601444.taobao.com"; VariantName = "[No Variations]"
Added Component: Designator=C23(C 0603_L)
Add component. Clean all parameters for all variants
Add component (AddParameter): Name = "BOM名称"; Value = "无极性贴片电容"; VariantName = "[No Variations]"
Add component (AddParameter): Name = "优秀评价可免费更新"; Value = "联系淘宝ID：黄晶宝石，获取更新版封装库"; VariantName = "[No Variations]"
Add component (AddParameter): Name = "本封装库来自淘宝卖家 ID：黄晶宝石"; Value = "其他店铺购入均为盗版，请立即申请退款"; VariantName = "[No Variations]"
Add component (AddParameter): Name = "联系卖家，免费查找封装"; Value = "唯一出售店铺网址https://shop463601444.taobao.com"; VariantName = "[No Variations]"
Added Component: Designator=C24(C 0603_L)
Add component. Clean all parameters for all variants
Add component (AddParameter): Name = "BOM名称"; Value = "无极性贴片电容"; VariantName = "[No Variations]"
Add component (AddParameter): Name = "优秀评价可免费更新"; Value = "联系淘宝ID：黄晶宝石，获取更新版封装库"; VariantName = "[No Variations]"
Add component (AddParameter): Name = "本封装库来自淘宝卖家 ID：黄晶宝石"; Value = "其他店铺购入均为盗版，请立即申请退款"; VariantName = "[No Variations]"
Add component (AddParameter): Name = "联系卖家，免费查找封装"; Value = "唯一出售店铺网址https://shop463601444.taobao.com"; VariantName = "[No Variations]"
Added Component: Designator=C25(C 0603_L)
Add component. Clean all parameters for all variants
Add component (AddParameter): Name = "BOM名称"; Value = "无极性贴片电容"; VariantName = "[No Variations]"
Add component (AddParameter): Name = "优秀评价可免费更新"; Value = "联系淘宝ID：黄晶宝石，获取更新版封装库"; VariantName = "[No Variations]"
Add component (AddParameter): Name = "本封装库来自淘宝卖家 ID：黄晶宝石"; Value = "其他店铺购入均为盗版，请立即申请退款"; VariantName = "[No Variations]"
Add component (AddParameter): Name = "联系卖家，免费查找封装"; Value = "唯一出售店铺网址https://shop463601444.taobao.com"; VariantName = "[No Variations]"
Added Component: Designator=C26(C 0603_L)
Add component. Clean all parameters for all variants
Add component (AddParameter): Name = "BOM名称"; Value = "无极性贴片电容"; VariantName = "[No Variations]"
Add component (AddParameter): Name = "优秀评价可免费更新"; Value = "联系淘宝ID：黄晶宝石，获取更新版封装库"; VariantName = "[No Variations]"
Add component (AddParameter): Name = "本封装库来自淘宝卖家 ID：黄晶宝石"; Value = "其他店铺购入均为盗版，请立即申请退款"; VariantName = "[No Variations]"
Add component (AddParameter): Name = "联系卖家，免费查找封装"; Value = "唯一出售店铺网址https://shop463601444.taobao.com"; VariantName = "[No Variations]"
Added Component: Designator=C27(C 0603_L)
Add component. Clean all parameters for all variants
Add component (AddParameter): Name = "BOM名称"; Value = "无极性贴片电容"; VariantName = "[No Variations]"
Add component (AddParameter): Name = "优秀评价可免费更新"; Value = "联系淘宝ID：黄晶宝石，获取更新版封装库"; VariantName = "[No Variations]"
Add component (AddParameter): Name = "本封装库来自淘宝卖家 ID：黄晶宝石"; Value = "其他店铺购入均为盗版，请立即申请退款"; VariantName = "[No Variations]"
Add component (AddParameter): Name = "联系卖家，免费查找封装"; Value = "唯一出售店铺网址https://shop463601444.taobao.com"; VariantName = "[No Variations]"
Added Component: Designator=C28(C 0603_L)
Add component. Clean all parameters for all variants
Add component (AddParameter): Name = "BOM名称"; Value = "无极性贴片电容"; VariantName = "[No Variations]"
Add component (AddParameter): Name = "优秀评价可免费更新"; Value = "联系淘宝ID：黄晶宝石，获取更新版封装库"; VariantName = "[No Variations]"
Add component (AddParameter): Name = "本封装库来自淘宝卖家 ID：黄晶宝石"; Value = "其他店铺购入均为盗版，请立即申请退款"; VariantName = "[No Variations]"
Add component (AddParameter): Name = "联系卖家，免费查找封装"; Value = "唯一出售店铺网址https://shop463601444.taobao.com"; VariantName = "[No Variations]"
Added Component: Designator=C29(C 0603_L)
Add component. Clean all parameters for all variants
Add component (AddParameter): Name = "BOM名称"; Value = "无极性贴片电容"; VariantName = "[No Variations]"
Add component (AddParameter): Name = "优秀评价可免费更新"; Value = "联系淘宝ID：黄晶宝石，获取更新版封装库"; VariantName = "[No Variations]"
Add component (AddParameter): Name = "本封装库来自淘宝卖家 ID：黄晶宝石"; Value = "其他店铺购入均为盗版，请立即申请退款"; VariantName = "[No Variations]"
Add component (AddParameter): Name = "联系卖家，免费查找封装"; Value = "唯一出售店铺网址https://shop463601444.taobao.com"; VariantName = "[No Variations]"
Added Component: Designator=C30(C 0603_L)
Add component. Clean all parameters for all variants
Add component (AddParameter): Name = "BOM名称"; Value = "无极性贴片电容"; VariantName = "[No Variations]"
Add component (AddParameter): Name = "优秀评价可免费更新"; Value = "联系淘宝ID：黄晶宝石，获取更新版封装库"; VariantName = "[No Variations]"
Add component (AddParameter): Name = "本封装库来自淘宝卖家 ID：黄晶宝石"; Value = "其他店铺购入均为盗版，请立即申请退款"; VariantName = "[No Variations]"
Add component (AddParameter): Name = "联系卖家，免费查找封装"; Value = "唯一出售店铺网址https://shop463601444.taobao.com"; VariantName = "[No Variations]"
Added Component: Designator=DE1(DEBUG_A)
Add component. Clean all parameters for all variants
Add component (AddParameter): Name = "BOM名称"; Value = "调试断点焊盘"; VariantName = "[No Variations]"
Add component (AddParameter): Name = "免费技术支持，联系售后"; Value = "唯一出售店铺网址https://shop463601444.taobao.com"; VariantName = "[No Variations]"
Add component (AddParameter): Name = "封装库来自淘宝卖家 ID：黄晶宝石"; Value = "其他店铺购入均为盗版，请立即申请退款，本店提供现金奖励"; VariantName = "[No Variations]"
Added Component: Designator=E1(CD A(3216))
Add component. Clean all parameters for all variants
Add component (AddParameter): Name = "BOM名称"; Value = "贴片钽电容"; VariantName = "[No Variations]"
Add component (AddParameter): Name = "优秀评价可免费更新"; Value = "联系淘宝ID：黄晶宝石，获取更新版封装库"; VariantName = "[No Variations]"
Add component (AddParameter): Name = "本封装库来自淘宝卖家 ID：黄晶宝石"; Value = "其他店铺购入均为盗版，请立即申请退款"; VariantName = "[No Variations]"
Add component (AddParameter): Name = "联系卖家，免费查找封装"; Value = "唯一出售店铺网址https://shop463601444.taobao.com"; VariantName = "[No Variations]"
Added Component: Designator=E2(CD A(3216))
Add component. Clean all parameters for all variants
Add component (AddParameter): Name = "BOM名称"; Value = "贴片钽电容"; VariantName = "[No Variations]"
Add component (AddParameter): Name = "优秀评价可免费更新"; Value = "联系淘宝ID：黄晶宝石，获取更新版封装库"; VariantName = "[No Variations]"
Add component (AddParameter): Name = "本封装库来自淘宝卖家 ID：黄晶宝石"; Value = "其他店铺购入均为盗版，请立即申请退款"; VariantName = "[No Variations]"
Add component (AddParameter): Name = "联系卖家，免费查找封装"; Value = "唯一出售店铺网址https://shop463601444.taobao.com"; VariantName = "[No Variations]"
Added Component: Designator=E3(CT 10*8 - C)
Add component. Clean all parameters for all variants
Add component (AddParameter): Name = "BOM名称"; Value = "贴片固态电容"; VariantName = "[No Variations]"
Add component (AddParameter): Name = "优秀评价可免费更新"; Value = "联系淘宝ID：黄晶宝石，获取更新版封装库"; VariantName = "[No Variations]"
Add component (AddParameter): Name = "本封装库来自淘宝卖家 ID：黄晶宝石"; Value = "其他店铺购入均为盗版，请立即申请退款"; VariantName = "[No Variations]"
Add component (AddParameter): Name = "联系卖家，免费查找封装"; Value = "唯一出售店铺网址https://shop463601444.taobao.com"; VariantName = "[No Variations]"
Added Component: Designator=L1(L 0603)
Add component. Clean all parameters for all variants
Add component (AddParameter): Name = "BOM名称"; Value = "小功率贴片电感"; VariantName = "[No Variations]"
Add component (AddParameter): Name = "优秀评价可免费更新"; Value = "联系淘宝ID：黄晶宝石，获取更新版封装库"; VariantName = "[No Variations]"
Add component (AddParameter): Name = "本封装库来自淘宝卖家 ID：黄晶宝石"; Value = "其他店铺购入均为盗版，请立即申请退款"; VariantName = "[No Variations]"
Add component (AddParameter): Name = "联系卖家，免费查找封装"; Value = "唯一出售店铺网址https://shop463601444.taobao.com"; VariantName = "[No Variations]"
Added Component: Designator=L2(L 0402)
Add component. Clean all parameters for all variants
Add component (AddParameter): Name = "BOM名称"; Value = "小功率贴片电感"; VariantName = "[No Variations]"
Add component (AddParameter): Name = "优秀评价可免费更新"; Value = "联系淘宝ID：黄晶宝石，获取更新版封装库"; VariantName = "[No Variations]"
Add component (AddParameter): Name = "本封装库来自淘宝卖家 ID：黄晶宝石"; Value = "其他店铺购入均为盗版，请立即申请退款"; VariantName = "[No Variations]"
Add component (AddParameter): Name = "联系卖家，免费查找封装"; Value = "唯一出售店铺网址https://shop463601444.taobao.com"; VariantName = "[No Variations]"
Added Component: Designator=L3(L 0402)
Add component. Clean all parameters for all variants
Add component (AddParameter): Name = "BOM名称"; Value = "小功率贴片电感"; VariantName = "[No Variations]"
Add component (AddParameter): Name = "优秀评价可免费更新"; Value = "联系淘宝ID：黄晶宝石，获取更新版封装库"; VariantName = "[No Variations]"
Add component (AddParameter): Name = "本封装库来自淘宝卖家 ID：黄晶宝石"; Value = "其他店铺购入均为盗版，请立即申请退款"; VariantName = "[No Variations]"
Add component (AddParameter): Name = "联系卖家，免费查找封装"; Value = "唯一出售店铺网址https://shop463601444.taobao.com"; VariantName = "[No Variations]"
Added Component: Designator=LED1(LED 0603B)
Add component. Clean all parameters for all variants
Add component (AddParameter): Name = "BOM名称"; Value = "贴片LED"; VariantName = "[No Variations]"
Add component (AddParameter): Name = "卖家免费查找封装，联系售后"; Value = "唯一出售店铺网址https://shop463601444.taobao.com"; VariantName = "[No Variations]"
Add component (AddParameter): Name = "封装库来自淘宝卖家 ID：黄晶宝石"; Value = "其他店铺购入均为假冒，请立即申请退款，本店奖励2~5元现金"; VariantName = "[No Variations]"
Added Component: Designator=LED2(LED 0603B)
Add component. Clean all parameters for all variants
Add component (AddParameter): Name = "BOM名称"; Value = "贴片LED"; VariantName = "[No Variations]"
Add component (AddParameter): Name = "卖家免费查找封装，联系售后"; Value = "唯一出售店铺网址https://shop463601444.taobao.com"; VariantName = "[No Variations]"
Add component (AddParameter): Name = "封装库来自淘宝卖家 ID：黄晶宝石"; Value = "其他店铺购入均为假冒，请立即申请退款，本店奖励2~5元现金"; VariantName = "[No Variations]"
Added Component: Designator=LED3(LED 0603B)
Add component. Clean all parameters for all variants
Add component (AddParameter): Name = "BOM名称"; Value = "贴片LED"; VariantName = "[No Variations]"
Add component (AddParameter): Name = "卖家免费查找封装，联系售后"; Value = "唯一出售店铺网址https://shop463601444.taobao.com"; VariantName = "[No Variations]"
Add component (AddParameter): Name = "封装库来自淘宝卖家 ID：黄晶宝石"; Value = "其他店铺购入均为假冒，请立即申请退款，本店奖励2~5元现金"; VariantName = "[No Variations]"
Added Component: Designator=LL-SW(XH2.54-WI-2P)
Add component. Clean all parameters for all variants
Add component (AddParameter): Name = "BOM名称"; Value = "2P接插件"; VariantName = "[No Variations]"
Add component (AddParameter): Name = "封装库来自淘宝卖家  ID：黄晶宝石"; Value = "其他店铺购入均为盗版假冒封装库，请立即申请退款"; VariantName = "[No Variations]"
Add component (AddParameter): Name = "技术支持， 联系售后"; Value = "唯一出售店铺网址https://shop463601444.taobao.com"; VariantName = "[No Variations]"
Added Component: Designator=PWR(LED 0603B)
Add component. Clean all parameters for all variants
Add component (AddParameter): Name = "BOM名称"; Value = "贴片LED"; VariantName = "[No Variations]"
Add component (AddParameter): Name = "卖家免费查找封装，联系售后"; Value = "唯一出售店铺网址https://shop463601444.taobao.com"; VariantName = "[No Variations]"
Add component (AddParameter): Name = "封装库来自淘宝卖家 ID：黄晶宝石"; Value = "其他店铺购入均为假冒，请立即申请退款，本店奖励2~5元现金"; VariantName = "[No Variations]"
Added Component: Designator=Q1(SOT23-3N)
Add component. Clean all parameters for all variants
Add component (AddParameter): Name = "BOM名称"; Value = "高频放大-NPN型"; VariantName = "[No Variations]"
Add component (AddParameter): Name = "卖家免费技术支持，联系售后"; Value = "唯一出售店铺网址https://shop463601444.taobao.com"; VariantName = "[No Variations]"
Add component (AddParameter): Name = "卖家免费查找封装，联系售后"; Value = "唯一出售店铺网址https://shop463601444.taobao.com"; VariantName = "[No Variations]"
Add component (AddParameter): Name = "封装库来自淘宝卖家 ID：黄晶宝石"; Value = "其他店铺购入均为假冒，请立即申请退款，本店奖励2~5元现金"; VariantName = "[No Variations]"
Add component (AddParameter): Name = "属性"; Value = "40V 1.5A 1W 100MHZ"; VariantName = "[No Variations]"
Added Component: Designator=Q2(SOT23-3N)
Add component. Clean all parameters for all variants
Add component (AddParameter): Name = "BOM名称"; Value = "高频放大-NPN型"; VariantName = "[No Variations]"
Add component (AddParameter): Name = "卖家免费技术支持，联系售后"; Value = "唯一出售店铺网址https://shop463601444.taobao.com"; VariantName = "[No Variations]"
Add component (AddParameter): Name = "卖家免费查找封装，联系售后"; Value = "唯一出售店铺网址https://shop463601444.taobao.com"; VariantName = "[No Variations]"
Add component (AddParameter): Name = "封装库来自淘宝卖家 ID：黄晶宝石"; Value = "其他店铺购入均为假冒，请立即申请退款，本店奖励2~5元现金"; VariantName = "[No Variations]"
Add component (AddParameter): Name = "属性"; Value = "40V 1.5A 1W 100MHZ"; VariantName = "[No Variations]"
Added Component: Designator=R1(R 0603_L)
Add component. Clean all parameters for all variants
Add component (AddParameter): Name = "BOM名称"; Value = "贴片电阻"; VariantName = "[No Variations]"
Add component (AddParameter): Name = "优秀评价可免费更新"; Value = "联系淘宝ID：黄晶宝石，获取更新版封装库"; VariantName = "[No Variations]"
Add component (AddParameter): Name = "本封装库来自淘宝卖家 ID：黄晶宝石"; Value = "其他店铺购入均为盗版，请立即申请退款"; VariantName = "[No Variations]"
Add component (AddParameter): Name = "联系卖家，免费查找封装"; Value = "唯一出售店铺网址https://shop463601444.taobao.com"; VariantName = "[No Variations]"
Added Component: Designator=R2(R 0603_L)
Add component. Clean all parameters for all variants
Add component (AddParameter): Name = "BOM名称"; Value = "贴片电阻"; VariantName = "[No Variations]"
Add component (AddParameter): Name = "优秀评价可免费更新"; Value = "联系淘宝ID：黄晶宝石，获取更新版封装库"; VariantName = "[No Variations]"
Add component (AddParameter): Name = "本封装库来自淘宝卖家 ID：黄晶宝石"; Value = "其他店铺购入均为盗版，请立即申请退款"; VariantName = "[No Variations]"
Add component (AddParameter): Name = "联系卖家，免费查找封装"; Value = "唯一出售店铺网址https://shop463601444.taobao.com"; VariantName = "[No Variations]"
Added Component: Designator=R3(R 0603_L)
Add component. Clean all parameters for all variants
Add component (AddParameter): Name = "BOM名称"; Value = "贴片电阻"; VariantName = "[No Variations]"
Add component (AddParameter): Name = "优秀评价可免费更新"; Value = "联系淘宝ID：黄晶宝石，获取更新版封装库"; VariantName = "[No Variations]"
Add component (AddParameter): Name = "本封装库来自淘宝卖家 ID：黄晶宝石"; Value = "其他店铺购入均为盗版，请立即申请退款"; VariantName = "[No Variations]"
Add component (AddParameter): Name = "联系卖家，免费查找封装"; Value = "唯一出售店铺网址https://shop463601444.taobao.com"; VariantName = "[No Variations]"
Added Component: Designator=R4(R 0603_L)
Add component. Clean all parameters for all variants
Add component (AddParameter): Name = "BOM名称"; Value = "贴片电阻"; VariantName = "[No Variations]"
Add component (AddParameter): Name = "优秀评价可免费更新"; Value = "联系淘宝ID：黄晶宝石，获取更新版封装库"; VariantName = "[No Variations]"
Add component (AddParameter): Name = "本封装库来自淘宝卖家 ID：黄晶宝石"; Value = "其他店铺购入均为盗版，请立即申请退款"; VariantName = "[No Variations]"
Add component (AddParameter): Name = "联系卖家，免费查找封装"; Value = "唯一出售店铺网址https://shop463601444.taobao.com"; VariantName = "[No Variations]"
Added Component: Designator=R5(R 0603_L)
Add component. Clean all parameters for all variants
Add component (AddParameter): Name = "BOM名称"; Value = "贴片电阻"; VariantName = "[No Variations]"
Add component (AddParameter): Name = "优秀评价可免费更新"; Value = "联系淘宝ID：黄晶宝石，获取更新版封装库"; VariantName = "[No Variations]"
Add component (AddParameter): Name = "本封装库来自淘宝卖家 ID：黄晶宝石"; Value = "其他店铺购入均为盗版，请立即申请退款"; VariantName = "[No Variations]"
Add component (AddParameter): Name = "联系卖家，免费查找封装"; Value = "唯一出售店铺网址https://shop463601444.taobao.com"; VariantName = "[No Variations]"
Added Component: Designator=R6(R 0603_L)
Add component. Clean all parameters for all variants
Add component (AddParameter): Name = "BOM名称"; Value = "贴片电阻"; VariantName = "[No Variations]"
Add component (AddParameter): Name = "优秀评价可免费更新"; Value = "联系淘宝ID：黄晶宝石，获取更新版封装库"; VariantName = "[No Variations]"
Add component (AddParameter): Name = "本封装库来自淘宝卖家 ID：黄晶宝石"; Value = "其他店铺购入均为盗版，请立即申请退款"; VariantName = "[No Variations]"
Add component (AddParameter): Name = "联系卖家，免费查找封装"; Value = "唯一出售店铺网址https://shop463601444.taobao.com"; VariantName = "[No Variations]"
Added Component: Designator=R7(R 0603_L)
Add component. Clean all parameters for all variants
Add component (AddParameter): Name = "BOM名称"; Value = "贴片电阻"; VariantName = "[No Variations]"
Add component (AddParameter): Name = "优秀评价可免费更新"; Value = "联系淘宝ID：黄晶宝石，获取更新版封装库"; VariantName = "[No Variations]"
Add component (AddParameter): Name = "本封装库来自淘宝卖家 ID：黄晶宝石"; Value = "其他店铺购入均为盗版，请立即申请退款"; VariantName = "[No Variations]"
Add component (AddParameter): Name = "联系卖家，免费查找封装"; Value = "唯一出售店铺网址https://shop463601444.taobao.com"; VariantName = "[No Variations]"
Added Component: Designator=R8(R 0603_L)
Add component. Clean all parameters for all variants
Add component (AddParameter): Name = "BOM名称"; Value = "贴片电阻"; VariantName = "[No Variations]"
Add component (AddParameter): Name = "优秀评价可免费更新"; Value = "联系淘宝ID：黄晶宝石，获取更新版封装库"; VariantName = "[No Variations]"
Add component (AddParameter): Name = "本封装库来自淘宝卖家 ID：黄晶宝石"; Value = "其他店铺购入均为盗版，请立即申请退款"; VariantName = "[No Variations]"
Add component (AddParameter): Name = "联系卖家，免费查找封装"; Value = "唯一出售店铺网址https://shop463601444.taobao.com"; VariantName = "[No Variations]"
Added Component: Designator=R9(R 0603_L)
Add component. Clean all parameters for all variants
Add component (AddParameter): Name = "BOM名称"; Value = "贴片电阻"; VariantName = "[No Variations]"
Add component (AddParameter): Name = "优秀评价可免费更新"; Value = "联系淘宝ID：黄晶宝石，获取更新版封装库"; VariantName = "[No Variations]"
Add component (AddParameter): Name = "本封装库来自淘宝卖家 ID：黄晶宝石"; Value = "其他店铺购入均为盗版，请立即申请退款"; VariantName = "[No Variations]"
Add component (AddParameter): Name = "联系卖家，免费查找封装"; Value = "唯一出售店铺网址https://shop463601444.taobao.com"; VariantName = "[No Variations]"
Added Component: Designator=R10(R 0603_L)
Add component. Clean all parameters for all variants
Add component (AddParameter): Name = "BOM名称"; Value = "贴片电阻"; VariantName = "[No Variations]"
Add component (AddParameter): Name = "优秀评价可免费更新"; Value = "联系淘宝ID：黄晶宝石，获取更新版封装库"; VariantName = "[No Variations]"
Add component (AddParameter): Name = "本封装库来自淘宝卖家 ID：黄晶宝石"; Value = "其他店铺购入均为盗版，请立即申请退款"; VariantName = "[No Variations]"
Add component (AddParameter): Name = "联系卖家，免费查找封装"; Value = "唯一出售店铺网址https://shop463601444.taobao.com"; VariantName = "[No Variations]"
Added Component: Designator=R11(R 0603_L)
Add component. Clean all parameters for all variants
Add component (AddParameter): Name = "BOM名称"; Value = "贴片电阻"; VariantName = "[No Variations]"
Add component (AddParameter): Name = "优秀评价可免费更新"; Value = "联系淘宝ID：黄晶宝石，获取更新版封装库"; VariantName = "[No Variations]"
Add component (AddParameter): Name = "本封装库来自淘宝卖家 ID：黄晶宝石"; Value = "其他店铺购入均为盗版，请立即申请退款"; VariantName = "[No Variations]"
Add component (AddParameter): Name = "联系卖家，免费查找封装"; Value = "唯一出售店铺网址https://shop463601444.taobao.com"; VariantName = "[No Variations]"
Added Component: Designator=R12(R 0603_L)
Add component. Clean all parameters for all variants
Add component (AddParameter): Name = "BOM名称"; Value = "贴片电阻"; VariantName = "[No Variations]"
Add component (AddParameter): Name = "优秀评价可免费更新"; Value = "联系淘宝ID：黄晶宝石，获取更新版封装库"; VariantName = "[No Variations]"
Add component (AddParameter): Name = "本封装库来自淘宝卖家 ID：黄晶宝石"; Value = "其他店铺购入均为盗版，请立即申请退款"; VariantName = "[No Variations]"
Add component (AddParameter): Name = "联系卖家，免费查找封装"; Value = "唯一出售店铺网址https://shop463601444.taobao.com"; VariantName = "[No Variations]"
Added Component: Designator=RST(TSW SMD-3*6*2.5)
Add component. Clean all parameters for all variants
Add component (AddParameter): Name = "BOM名称"; Value = "3x6轻触开关"; VariantName = "[No Variations]"
Add component (AddParameter): Name = "免费技术支持，联系售后"; Value = "唯一出售店铺网址https://shop463601444.taobao.com"; VariantName = "[No Variations]"
Add component (AddParameter): Name = "封装库来自淘宝卖家 ID：黄晶宝石"; Value = "其他店铺购入均为盗版假冒封装库，请立即申请退款，本店3~10元现金奖励"; VariantName = "[No Variations]"
Added Component: Designator=STEP-MOTOR(XH2.54-WI-5P)
Add component. Clean all parameters for all variants
Add component (AddParameter): Name = "BOM名称"; Value = "5P接插件"; VariantName = "[No Variations]"
Add component (AddParameter): Name = "封装库来自淘宝卖家  ID：黄晶宝石"; Value = "其他店铺购入均为盗版假冒封装库，请立即申请退款"; VariantName = "[No Variations]"
Add component (AddParameter): Name = "技术支持， 联系售后"; Value = "唯一出售店铺网址https://shop463601444.taobao.com"; VariantName = "[No Variations]"
Added Component: Designator=U1(QFN56 7x7)
Add component. Clean all parameters for all variants
Added Component: Designator=U2(SOIC-8W)
Add component. Clean all parameters for all variants
Added Component: Designator=U3(QFN24)
Add component. Clean all parameters for all variants
Added Component: Designator=U4(SOP16)
Add component. Clean all parameters for all variants
Add component (AddParameter): Name = "优秀评价可免费更新"; Value = "联系淘宝ID：黄晶宝石，获取更新版封装库"; VariantName = "[No Variations]"
Add component (AddParameter): Name = "卖家免费技术支持，联系售后"; Value = "唯一出售店铺网址https://shop463601444.taobao.com"; VariantName = "[No Variations]"
Add component (AddParameter): Name = "封装库来自淘宝卖家ID：黄晶宝石"; Value = "其他店铺购入均为假冒，请立即申请退款，本店奖励2~5元现金"; VariantName = "[No Variations]"
Added Component: Designator=U5(QFN24 4x4_N)
Add component. Clean all parameters for all variants
Added Component: Designator=USBC1(USB-C-SMD_TYPE-C-USB-5)
Add component. Clean all parameters for all variants
Add component (AddParameter): Name = "卖家免费技术支持，联系售后"; Value = "唯一出售店铺网址https://shop463601444.taobao.com"; VariantName = "[No Variations]"
Add component (AddParameter): Name = "卖家免费查找封装，联系售后"; Value = "唯一出售店铺网址https://shop463601444.taobao.com"; VariantName = "[No Variations]"
Add component (AddParameter): Name = "封装库来自淘宝卖家 ID：黄晶宝石"; Value = "其他店铺购入均为盗版假冒封装库，请立即申请退款，本店3~10元现金奖励"; VariantName = "[No Variations]"
Added Component: Designator=V1(SOT223_L)
Add component. Clean all parameters for all variants
Add component (AddParameter): Name = "BOM名称"; Value = "稳压芯片"; VariantName = "[No Variations]"
Add component (AddParameter): Name = "卖家免费技术支持，联系售后"; Value = "唯一出售店铺网址https://shop463601444.taobao.com"; VariantName = "[No Variations]"
Add component (AddParameter): Name = "卖家免费查找封装，联系售后"; Value = "唯一出售店铺网址https://shop463601444.taobao.com"; VariantName = "[No Variations]"
Add component (AddParameter): Name = "封装库来自淘宝卖家 ID：黄晶宝石"; Value = "其他店铺购入均为假冒，请立即申请退款，本店奖励2~5元现金"; VariantName = "[No Variations]"
Added Component: Designator=X1(OSC 2025-4P)
Add component. Clean all parameters for all variants
Add component (AddParameter): Name = "BOM名称"; Value = "4脚无源晶振"; VariantName = "[No Variations]"
Add component (AddParameter): Name = "优秀评价可免费更新"; Value = "联系淘宝ID：黄晶宝石，获取更新版封装库"; VariantName = "[No Variations]"
Add component (AddParameter): Name = "卖家免费技术支持，联系售后"; Value = "唯一出售店铺网址https://shop463601444.taobao.com"; VariantName = "[No Variations]"
Add component (AddParameter): Name = "封装库来自淘宝卖家 ID：黄晶宝石"; Value = "其他店铺购入均为盗版，请立即申请退款"; VariantName = "[No Variations]"
Add component (AddParameter): Name = "版权归属"; Value = "封装库来自淘宝卖家 ID：黄晶宝石"; VariantName = "[No Variations]"
Added Pin To Net: NetName=NetANT1_1 Pin=ANT1-1
Added Pin To Net: NetName=GND Pin=ANT1-2
Added Pin To Net: NetName=NetBOOT_1 Pin=BOOT-1
Added Pin To Net: NetName=GND Pin=BOOT-2
Added Pin To Net: NetName=GND Pin=C1-1
Added Pin To Net: NetName=NetC1_2 Pin=C1-2
Added Pin To Net: NetName=GND Pin=C2-1
Added Pin To Net: NetName=XTALN Pin=C2-2
Added Pin To Net: NetName=GND Pin=C3-1
Added Pin To Net: NetName=AVDD Pin=C3-2
Added Pin To Net: NetName=AVDD Pin=C4-1
Added Pin To Net: NetName=GND Pin=C4-2
Added Pin To Net: NetName=AVDD Pin=C5-1
Added Pin To Net: NetName=GND Pin=C5-2
Added Pin To Net: NetName=AVDD Pin=C6-1
Added Pin To Net: NetName=GND Pin=C6-2
Added Pin To Net: NetName=AVDD Pin=C7-1
Added Pin To Net: NetName=GND Pin=C7-2
Added Pin To Net: NetName=GND Pin=C8-1
Added Pin To Net: NetName=ANT Pin=C8-2
Added Pin To Net: NetName=GND Pin=C9-1
Added Pin To Net: NetName=NetANT1_1 Pin=C9-2
Added Pin To Net: NetName=AVDD Pin=C10-1
Added Pin To Net: NetName=GND Pin=C10-2
Added Pin To Net: NetName=AVDD Pin=C11-1
Added Pin To Net: NetName=GND Pin=C11-2
Added Pin To Net: NetName=AVDD Pin=C12-1
Added Pin To Net: NetName=GND Pin=C12-2
Added Pin To Net: NetName=AVDD Pin=C13-1
Added Pin To Net: NetName=GND Pin=C13-2
Added Pin To Net: NetName=AVDD Pin=C14-1
Added Pin To Net: NetName=GND Pin=C14-2
Added Pin To Net: NetName=NetC15_1 Pin=C15-1
Added Pin To Net: NetName=GND Pin=C15-2
Added Pin To Net: NetName=AVDD Pin=C16-1
Added Pin To Net: NetName=GND Pin=C16-2
Added Pin To Net: NetName=AVDD Pin=C17-1
Added Pin To Net: NetName=GND Pin=C17-2
Added Pin To Net: NetName=AVDD Pin=C18-1
Added Pin To Net: NetName=GND Pin=C18-2
Added Pin To Net: NetName=AVDD Pin=C19-1
Added Pin To Net: NetName=GND Pin=C19-2
Added Pin To Net: NetName=GND Pin=C20-1
Added Pin To Net: NetName=EN Pin=C20-2
Added Pin To Net: NetName=GND Pin=C21-1
Added Pin To Net: NetName=NetBOOT_1 Pin=C21-2
Added Pin To Net: NetName=GND Pin=C22-1
Added Pin To Net: NetName=5V Pin=C22-2
Added Pin To Net: NetName=GND Pin=C23-1
Added Pin To Net: NetName=AVDD Pin=C23-2
Added Pin To Net: NetName=GND Pin=C24-1
Added Pin To Net: NetName=AVDD Pin=C24-2
Added Pin To Net: NetName=GND Pin=C25-1
Added Pin To Net: NetName=NetC25_2 Pin=C25-2
Added Pin To Net: NetName=AVDD Pin=C26-1
Added Pin To Net: NetName=GND Pin=C26-2
Added Pin To Net: NetName=GND Pin=C27-1
Added Pin To Net: NetName=NetC27_2 Pin=C27-2
Added Pin To Net: NetName=GND Pin=C28-1
Added Pin To Net: NetName=NetC28_2 Pin=C28-2
Added Pin To Net: NetName=5V Pin=C29-1
Added Pin To Net: NetName=GND Pin=C29-2
Added Pin To Net: NetName=AVDD Pin=C30-1
Added Pin To Net: NetName=GND Pin=C30-2
Added Pin To Net: NetName=XTALP Pin=DE1-1
Added Pin To Net: NetName=NetC1_2 Pin=DE1-2
Added Pin To Net: NetName=5V Pin=E1-1
Added Pin To Net: NetName=GND Pin=E1-2
Added Pin To Net: NetName=AVDD Pin=E2-1
Added Pin To Net: NetName=GND Pin=E2-2
Added Pin To Net: NetName=5V Pin=E3-1
Added Pin To Net: NetName=GND Pin=E3-2
Added Pin To Net: NetName=XTALP Pin=L1-1
Added Pin To Net: NetName=NetC1_2 Pin=L1-2
Added Pin To Net: NetName=ANT Pin=L2-1
Added Pin To Net: NetName=NetANT1_1 Pin=L2-2
Added Pin To Net: NetName=AVDD Pin=L3-1
Added Pin To Net: NetName=NetC15_1 Pin=L3-2
Added Pin To Net: NetName=AVDD Pin=LED1-1
Added Pin To Net: NetName=NetLED1_2 Pin=LED1-2
Added Pin To Net: NetName=AVDD Pin=LED2-1
Added Pin To Net: NetName=NetLED2_2 Pin=LED2-2
Added Pin To Net: NetName=AVDD Pin=LED3-1
Added Pin To Net: NetName=NetLED3_2 Pin=LED3-2
Added Pin To Net: NetName=NetLL-SW_1 Pin=LL-SW-1
Added Pin To Net: NetName=NetLL-SW_2 Pin=LL-SW-2
Added Pin To Net: NetName=AVDD Pin=PWR-1
Added Pin To Net: NetName=NetPWR_2 Pin=PWR-2
Added Pin To Net: NetName=NetQ1_1 Pin=Q1-1
Added Pin To Net: NetName=RTS Pin=Q1-2
Added Pin To Net: NetName=EN Pin=Q1-3
Added Pin To Net: NetName=NetQ2_1 Pin=Q2-1
Added Pin To Net: NetName=DTR Pin=Q2-2
Added Pin To Net: NetName=NetBOOT_1 Pin=Q2-3
Added Pin To Net: NetName=EN Pin=R1-1
Added Pin To Net: NetName=AVDD Pin=R1-2
Added Pin To Net: NetName=NetPWR_2 Pin=R2-1
Added Pin To Net: NetName=GND Pin=R2-2
Added Pin To Net: NetName=NetLED1_2 Pin=R3-1
Added Pin To Net: NetName=NetR3_2 Pin=R3-2
Added Pin To Net: NetName=NetLED2_2 Pin=R4-1
Added Pin To Net: NetName=NetR4_2 Pin=R4-2
Added Pin To Net: NetName=NetLED3_2 Pin=R5-1
Added Pin To Net: NetName=NetR5_2 Pin=R5-2
Added Pin To Net: NetName=DTR Pin=R6-1
Added Pin To Net: NetName=NetQ1_1 Pin=R6-2
Added Pin To Net: NetName=RTS Pin=R7-1
Added Pin To Net: NetName=NetQ2_1 Pin=R7-2
Added Pin To Net: NetName=NetR8_1 Pin=R8-1
Added Pin To Net: NetName=5V Pin=R8-2
Added Pin To Net: NetName=NetR9_1 Pin=R9-1
Added Pin To Net: NetName=5V Pin=R9-2
Added Pin To Net: NetName=NetR10_1 Pin=R10-1
Added Pin To Net: NetName=5V Pin=R10-2
Added Pin To Net: NetName=NetR11_1 Pin=R11-1
Added Pin To Net: NetName=5V Pin=R11-2
Added Pin To Net: NetName=NetLL-SW_1 Pin=R12-1
Added Pin To Net: NetName=AVDD Pin=R12-2
Added Pin To Net: NetName=EN Pin=RST-1
Added Pin To Net: NetName=GND Pin=RST-2
Added Pin To Net: NetName=M1 Pin=STEP-MOTOR-1
Added Pin To Net: NetName=M2 Pin=STEP-MOTOR-2
Added Pin To Net: NetName=M3 Pin=STEP-MOTOR-3
Added Pin To Net: NetName=M4 Pin=STEP-MOTOR-4
Added Pin To Net: NetName=5V Pin=STEP-MOTOR-5
Added Pin To Net: NetName=ANT Pin=U1-1
Added Pin To Net: NetName=VDD3P3 Pin=U1-2
Added Pin To Net: NetName=VDD3P3 Pin=U1-3
Added Pin To Net: NetName=EN Pin=U1-4
Added Pin To Net: NetName=NetBOOT_1 Pin=U1-5
Added Pin To Net: NetName=NetU1_6 Pin=U1-6
Added Pin To Net: NetName=NetU1_7 Pin=U1-7
Added Pin To Net: NetName=NetU1_8 Pin=U1-8
Added Pin To Net: NetName=NetU1_9 Pin=U1-9
Added Pin To Net: NetName=NetR3_2 Pin=U1-10
Added Pin To Net: NetName=NetR4_2 Pin=U1-11
Added Pin To Net: NetName=NetR5_2 Pin=U1-12
Added Pin To Net: NetName=NetR11_1 Pin=U1-13
Added Pin To Net: NetName=NetR10_1 Pin=U1-14
Added Pin To Net: NetName=NetR9_1 Pin=U1-15
Added Pin To Net: NetName=NetR8_1 Pin=U1-16
Added Pin To Net: NetName=NetU1_17 Pin=U1-17
Added Pin To Net: NetName=NetU1_18 Pin=U1-18
Added Pin To Net: NetName=NetLL-SW_2 Pin=U1-19
Added Pin To Net: NetName=AVDD Pin=U1-20
Added Pin To Net: NetName=NetU1_21 Pin=U1-21
Added Pin To Net: NetName=NetU1_22 Pin=U1-22
Added Pin To Net: NetName=NetU1_23 Pin=U1-23
Added Pin To Net: NetName=NetU1_24 Pin=U1-24
Added Pin To Net: NetName=NetU1_25 Pin=U1-25
Added Pin To Net: NetName=NetU1_26 Pin=U1-26
Added Pin To Net: NetName=NetU1_27 Pin=U1-27
Added Pin To Net: NetName=NetU1_28 Pin=U1-28
Added Pin To Net: NetName=AVDD Pin=U1-29
Added Pin To Net: NetName=SPIHD Pin=U1-30
Added Pin To Net: NetName=SPIWP Pin=U1-31
Added Pin To Net: NetName=SPICS0 Pin=U1-32
Added Pin To Net: NetName=SPICLK Pin=U1-33
Added Pin To Net: NetName=SPIQ Pin=U1-34
Added Pin To Net: NetName=SPID Pin=U1-35
Added Pin To Net: NetName=NetU1_36 Pin=U1-36
Added Pin To Net: NetName=NetU1_37 Pin=U1-37
Added Pin To Net: NetName=NetU1_38 Pin=U1-38
Added Pin To Net: NetName=NetU1_39 Pin=U1-39
Added Pin To Net: NetName=NetU1_40 Pin=U1-40
Added Pin To Net: NetName=NetU1_41 Pin=U1-41
Added Pin To Net: NetName=NetU1_42 Pin=U1-42
Added Pin To Net: NetName=NetU1_43 Pin=U1-43
Added Pin To Net: NetName=NetU1_44 Pin=U1-44
Added Pin To Net: NetName=NetU1_45 Pin=U1-45
Added Pin To Net: NetName=AVDD Pin=U1-46
Added Pin To Net: NetName=NetU1_47 Pin=U1-47
Added Pin To Net: NetName=NetU1_48 Pin=U1-48
Added Pin To Net: NetName=NetU1_49 Pin=U1-49
Added Pin To Net: NetName=NetU1_50 Pin=U1-50
Added Pin To Net: NetName=NetU1_51 Pin=U1-51
Added Pin To Net: NetName=NetU1_52 Pin=U1-52
Added Pin To Net: NetName=XTALN Pin=U1-53
Added Pin To Net: NetName=XTALP Pin=U1-54
Added Pin To Net: NetName=AVDD Pin=U1-55
Added Pin To Net: NetName=AVDD Pin=U1-56
Added Pin To Net: NetName=GND Pin=U1-57
Added Pin To Net: NetName=SPICS0 Pin=U2-1
Added Pin To Net: NetName=SPIQ Pin=U2-2
Added Pin To Net: NetName=SPIWP Pin=U2-3
Added Pin To Net: NetName=GND Pin=U2-4
Added Pin To Net: NetName=SPID Pin=U2-5
Added Pin To Net: NetName=SPICLK Pin=U2-6
Added Pin To Net: NetName=SPIHD Pin=U2-7
Added Pin To Net: NetName=AVDD Pin=U2-8
Added Pin To Net: NetName=GND Pin=U3-2
Added Pin To Net: NetName=USBD+ Pin=U3-3
Added Pin To Net: NetName=USBD- Pin=U3-4
Added Pin To Net: NetName=AVDD Pin=U3-5
Added Pin To Net: NetName=NetC25_2 Pin=U3-6
Added Pin To Net: NetName=5V Pin=U3-7
Added Pin To Net: NetName=5V Pin=U3-8
Added Pin To Net: NetName=RTS Pin=U3-19
Added Pin To Net: NetName=NetU1_49 Pin=U3-20
Added Pin To Net: NetName=NetU1_50 Pin=U3-21
Added Pin To Net: NetName=DTR Pin=U3-23
Added Pin To Net: NetName=NetR11_1 Pin=U4-1
Added Pin To Net: NetName=NetR10_1 Pin=U4-2
Added Pin To Net: NetName=NetR9_1 Pin=U4-3
Added Pin To Net: NetName=NetR8_1 Pin=U4-4
Added Pin To Net: NetName=GND Pin=U4-8
Added Pin To Net: NetName=5V Pin=U4-9
Added Pin To Net: NetName=GND Pin=U4-10
Added Pin To Net: NetName=GND Pin=U4-11
Added Pin To Net: NetName=GND Pin=U4-12
Added Pin To Net: NetName=M4 Pin=U4-13
Added Pin To Net: NetName=M3 Pin=U4-14
Added Pin To Net: NetName=M2 Pin=U4-15
Added Pin To Net: NetName=M1 Pin=U4-16
Added Pin To Net: NetName=GND Pin=U5-1
Added Pin To Net: NetName=AVDD Pin=U5-8
Added Pin To Net: NetName=GND Pin=U5-9
Added Pin To Net: NetName=NetC27_2 Pin=U5-10
Added Pin To Net: NetName=GND Pin=U5-11
Added Pin To Net: NetName=AVDD Pin=U5-13
Added Pin To Net: NetName=GND Pin=U5-18
Added Pin To Net: NetName=NetC28_2 Pin=U5-20
Added Pin To Net: NetName=NetU1_18 Pin=U5-23
Added Pin To Net: NetName=NetU1_17 Pin=U5-24
Added Pin To Net: NetName=GND Pin=USBC1-0
Added Pin To Net: NetName=GND Pin=USBC1-0
Added Pin To Net: NetName=GND Pin=USBC1-0
Added Pin To Net: NetName=GND Pin=USBC1-0
Added Pin To Net: NetName=GND Pin=USBC1-A1
Added Pin To Net: NetName=5V Pin=USBC1-A4
Added Pin To Net: NetName=USBD+ Pin=USBC1-A6
Added Pin To Net: NetName=USBD- Pin=USBC1-A7
Added Pin To Net: NetName=5V Pin=USBC1-A9
Added Pin To Net: NetName=GND Pin=USBC1-A12
Added Pin To Net: NetName=GND Pin=USBC1-B1
Added Pin To Net: NetName=5V Pin=USBC1-B4
Added Pin To Net: NetName=USBD+ Pin=USBC1-B6
Added Pin To Net: NetName=USBD- Pin=USBC1-B7
Added Pin To Net: NetName=5V Pin=USBC1-B9
Added Pin To Net: NetName=GND Pin=USBC1-B12
Added Pin To Net: NetName=GND Pin=V1-1
Added Pin To Net: NetName=AVDD Pin=V1-2
Added Pin To Net: NetName=5V Pin=V1-3
Added Pin To Net: NetName=NetC1_2 Pin=X1-1
Added Pin To Net: NetName=GND Pin=X1-2
Added Pin To Net: NetName=XTALN Pin=X1-3
Added Pin To Net: NetName=GND Pin=X1-4
Added Member To Class: ClassName=core Member=Component ANT1 AN2051-245
Added Member To Class: ClassName=core Member=Component BOOT 3x6x5
Added Member To Class: ClassName=core Member=Component C1 20pF
Added Member To Class: ClassName=core Member=Component C2 20pF
Added Member To Class: ClassName=core Member=Component C3 1uF
Added Member To Class: ClassName=core Member=Component C4 1uF
Added Member To Class: ClassName=core Member=Component C5 100nF
Added Member To Class: ClassName=core Member=Component C6 1uF
Added Member To Class: ClassName=core Member=Component C7 100nF
Added Member To Class: ClassName=core Member=Component C8 3.3pF
Added Member To Class: ClassName=core Member=Component C9 2.3pF
Added Member To Class: ClassName=core Member=Component C10 1uF
Added Member To Class: ClassName=core Member=Component C11 100nF
Added Member To Class: ClassName=core Member=Component C12 10uF
Added Member To Class: ClassName=core Member=Component C13 1uF
Added Member To Class: ClassName=core Member=Component C14 100nF
Added Member To Class: ClassName=core Member=Component C15 100nF
Added Member To Class: ClassName=core Member=Component C16 1uF
Added Member To Class: ClassName=core Member=Component C17 10nF
Added Member To Class: ClassName=core Member=Component C18 100nF
Added Member To Class: ClassName=core Member=Component C19 1uF
Added Member To Class: ClassName=core Member=Component C20 100nF
Added Member To Class: ClassName=core Member=Component C21 100nF
Added Member To Class: ClassName=utils Member=Component C22 10uF
Added Member To Class: ClassName=utils Member=Component C23 1uF
Added Member To Class: ClassName=utils Member=Component C24 100nF
Added Member To Class: ClassName=utils Member=Component C25 100nF
Added Member To Class: ClassName=motor&sensor Member=Component C26 100nF
Added Member To Class: ClassName=motor&sensor Member=Component C27 100nF
Added Member To Class: ClassName=motor&sensor Member=Component C28 2.2nF
Added Member To Class: ClassName=motor&sensor Member=Component C29 100nF
Added Member To Class: ClassName=motor&sensor Member=Component C30 1uF
Added Member To Class: ClassName=core Member=Component DE1 DEBUG PAD
Added Member To Class: ClassName=core Member=Component E1 22uF/10V
Added Member To Class: ClassName=core Member=Component E2 22uF/10V
Added Member To Class: ClassName=motor&sensor Member=Component E3 220uF/50V
Added Member To Class: ClassName=core Member=Component L1 22nH
Added Member To Class: ClassName=core Member=Component L2 2.4nH
Added Member To Class: ClassName=core Member=Component L3 2.4nH
Added Member To Class: ClassName=core Member=Component LED1 绿色
Added Member To Class: ClassName=core Member=Component LED2 青色
Added Member To Class: ClassName=core Member=Component LED3 蓝色
Added Member To Class: ClassName=motor&sensor Member=Component LL-SW HDR-1X2
Added Member To Class: ClassName=core Member=Component PWR 红色
Added Member To Class: ClassName=utils Member=Component Q1 SS8050
Added Member To Class: ClassName=utils Member=Component Q2 SS8050
Added Member To Class: ClassName=core Member=Component R1 10K
Added Member To Class: ClassName=core Member=Component R2 470R
Added Member To Class: ClassName=core Member=Component R3 470R
Added Member To Class: ClassName=core Member=Component R4 470R
Added Member To Class: ClassName=core Member=Component R5 470R
Added Member To Class: ClassName=utils Member=Component R6 10K
Added Member To Class: ClassName=utils Member=Component R7 10K
Added Member To Class: ClassName=motor&sensor Member=Component R8 4.7K
Added Member To Class: ClassName=motor&sensor Member=Component R9 4.7K
Added Member To Class: ClassName=motor&sensor Member=Component R10 4.7K
Added Member To Class: ClassName=motor&sensor Member=Component R11 4.7K
Added Member To Class: ClassName=motor&sensor Member=Component R12 4.7K
Added Member To Class: ClassName=core Member=Component RST 3x6x5
Added Member To Class: ClassName=motor&sensor Member=Component STEP-MOTOR HDR-1X5
Added Member To Class: ClassName=core Member=Component U1 ESP32-S3
Added Member To Class: ClassName=core Member=Component U2 W25Q64JVSSIQ
Added Member To Class: ClassName=utils Member=Component U3 CH9102F
Added Member To Class: ClassName=motor&sensor Member=Component U4 达林顿驱动芯片
Added Member To Class: ClassName=motor&sensor Member=Component U5 MPU6050
Added Member To Class: ClassName=utils Member=Component USBC1 TYPE-C 2.0 -16P
Added Member To Class: ClassName=core Member=Component V1 AMS1117-3V3
Added Member To Class: ClassName=core Member=Component X1 40M ±10ppm
Added Room: Name=core
Added Room: Name=motor&sensor
Added Room: Name=utils
